app/build/intermediates/manifest_merge_blame_file/release/manifest-merger-blame-release-report.txt
1<?xml version="1.0" encoding="utf-8"?>
2<manifest xmlns:android="http://schemas.android.com/apk/res/android"
3    package="io.openim.android.demo"
4    android:versionCode="8"
5    android:versionName="1.0.8" >
6
7    <uses-sdk
8        android:minSdkVersion="21"
8-->src\main\AndroidManifest.xml
9        android:targetSdkVersion="32" />
9-->src\main\AndroidManifest.xml
10
11    <uses-feature
11-->src\main\AndroidManifest.xml:6:5-8:36
12        android:name="android.hardware.telephony"
12-->src\main\AndroidManifest.xml:7:9-50
13        android:required="false" />
13-->src\main\AndroidManifest.xml:8:9-33
14
15    <uses-permission android:name="android.permission.READ_PHONE_STATE" />
15-->src\main\AndroidManifest.xml:9:5-75
15-->src\main\AndroidManifest.xml:9:22-72
16    <!-- getui -->
17    <queries>
17-->src\main\AndroidManifest.xml:11:5-15:15
18        <intent>
18-->src\main\AndroidManifest.xml:12:9-14:18
19            <action android:name="com.getui.sdk.action" />
19-->src\main\AndroidManifest.xml:13:13-59
19-->src\main\AndroidManifest.xml:13:21-56
20        </intent>
21        <intent>
21-->[com.getui.opt:ups:3.0.3] AndroidManifest.xml:12:9-14:18
22            <action android:name="com.getui.vendor.action.push" />
22-->[com.getui.opt:ups:3.0.3] AndroidManifest.xml:13:13-67
22-->[com.getui.opt:ups:3.0.3] AndroidManifest.xml:13:21-64
23        </intent>
24        <intent>
24-->[com.getui.opt:ups:3.0.3] AndroidManifest.xml:15:9-17:18
25            <action android:name="com.sonymobile.action.service.DEVICE_SDK_INFO" />
25-->[com.getui.opt:ups:3.0.3] AndroidManifest.xml:16:13-84
25-->[com.getui.opt:ups:3.0.3] AndroidManifest.xml:16:21-81
26        </intent>
27        <intent>
27-->[com.huawei.hms:device:6.6.0.300] AndroidManifest.xml:15:9-17:18
28            <action android:name="com.huawei.hms.core.aidlservice" />
28-->[com.huawei.hms:device:6.6.0.300] AndroidManifest.xml:16:13-70
28-->[com.huawei.hms:device:6.6.0.300] AndroidManifest.xml:16:21-67
29        </intent>
30        <intent>
30-->[com.huawei.hms:device:6.6.0.300] AndroidManifest.xml:18:9-20:18
31            <action android:name="com.huawei.hms.core" />
31-->[com.huawei.hms:device:6.6.0.300] AndroidManifest.xml:19:13-58
31-->[com.huawei.hms:device:6.6.0.300] AndroidManifest.xml:19:21-55
32        </intent>
33    </queries>
34
35    <uses-permission android:name="android.permission.ANSWER_PHONE_CALLS" />
35-->src\main\AndroidManifest.xml:17:5-77
35-->src\main\AndroidManifest.xml:17:22-74
36    <uses-permission android:name="android.permission.CALL_PHONE" />
36-->src\main\AndroidManifest.xml:18:5-69
36-->src\main\AndroidManifest.xml:18:22-66
37    <uses-permission android:name="android.permission.POST_NOTIFICATIONS" />
37-->src\main\AndroidManifest.xml:19:5-77
37-->src\main\AndroidManifest.xml:19:22-74
38    <uses-permission android:name="android.permission.READ_PRIVILEGED_PHONE_STATE" />
38-->src\main\AndroidManifest.xml:20:5-22:47
38-->src\main\AndroidManifest.xml:21:9-70
39    <uses-permission android:name="android.permission.READ_SMS" />
39-->src\main\AndroidManifest.xml:23:5-67
39-->src\main\AndroidManifest.xml:23:22-64
40    <uses-permission android:name="android.permission.SEND_SMS" />
40-->src\main\AndroidManifest.xml:24:5-67
40-->src\main\AndroidManifest.xml:24:22-64
41    <uses-permission android:name="android.permission.RECEIVE_SMS" />
41-->src\main\AndroidManifest.xml:25:5-70
41-->src\main\AndroidManifest.xml:25:22-67
42    <uses-permission android:name="android.permission.INTERNET" />
42-->src\main\AndroidManifest.xml:26:5-67
42-->src\main\AndroidManifest.xml:26:22-64
43    <uses-permission android:name="android.permission.READ_PHONE_NUMBERS" />
43-->src\main\AndroidManifest.xml:27:5-77
43-->src\main\AndroidManifest.xml:27:22-74
44    <uses-permission android:name="android.permission.MODIFY_PHONE_STATE" />
44-->src\main\AndroidManifest.xml:29:5-31:47
44-->src\main\AndroidManifest.xml:30:9-61
45    <uses-permission android:name="android.permission.FOREGROUND_SERVICE" /> <!-- 前台服务权限 -->
45-->src\main\AndroidManifest.xml:32:5-77
45-->src\main\AndroidManifest.xml:32:22-74
46    <uses-permission android:name="android.permission.READ_PHONE_STATE" /> <!-- 手机通话状态权限 -->
46-->src\main\AndroidManifest.xml:9:5-75
46-->src\main\AndroidManifest.xml:9:22-72
47    <uses-permission android:name="android.permission.READ_CALL_LOG" />
47-->src\main\AndroidManifest.xml:34:5-72
47-->src\main\AndroidManifest.xml:34:22-69
48    <uses-permission android:name="android.permission.FLASHLIGHT" />
48-->[:OUIConversation] AndroidManifest.xml:9:5-69
48-->[:OUIConversation] AndroidManifest.xml:9:22-66
49
50    <uses-feature android:name="android.hardware.camera" />
50-->[:OUIConversation] AndroidManifest.xml:11:5-60
50-->[:OUIConversation] AndroidManifest.xml:11:19-57
51    <uses-feature android:name="android.hardware.camera.autofocus" />
51-->[:OUIConversation] AndroidManifest.xml:12:5-70
51-->[:OUIConversation] AndroidManifest.xml:12:19-67
52
53    <uses-permission android:name="android.permission.RECORD_AUDIO" />
53-->[:OUIConversation] AndroidManifest.xml:14:5-71
53-->[:OUIConversation] AndroidManifest.xml:14:22-68
54    <uses-permission android:name="android.permission.CAMERA" />
54-->[:OUIConversation] AndroidManifest.xml:15:5-65
54-->[:OUIConversation] AndroidManifest.xml:15:22-62
55    <uses-permission android:name="android.permission.RECEIVE_BOOT_COMPLETED" />
55-->[:OUICalling] AndroidManifest.xml:9:5-81
55-->[:OUICalling] AndroidManifest.xml:9:22-78
56    <uses-permission android:name="android.permission.USE_FULL_SCREEN_INTENT" />
56-->[:OUICalling] AndroidManifest.xml:10:5-81
56-->[:OUICalling] AndroidManifest.xml:10:22-78
57    <uses-permission android:name="android.permission.REQUEST_IGNORE_BATTERY_OPTIMIZATIONS" />
57-->[dsahjkenw2.aar] AndroidManifest.xml:11:5-95
57-->[dsahjkenw2.aar] AndroidManifest.xml:11:22-92
58    <uses-permission
58-->[:OUICore] AndroidManifest.xml:9:5-68
59        android:name="android.permission.BLUETOOTH"
59-->[:OUICore] AndroidManifest.xml:9:22-65
60        android:maxSdkVersion="30" />
60-->[com.github.davidliu:audioswitch:89582c47c9a04c62f90aa5e57251af4800a62c9a] AndroidManifest.xml:11:9-35
61    <uses-permission android:name="android.permission.REORDER_TASKS" />
61-->[:OUICore] AndroidManifest.xml:11:5-72
61-->[:OUICore] AndroidManifest.xml:11:22-69
62    <uses-permission android:name="android.permission.REQUEST_INSTALL_PACKAGES" />
62-->[:OUICore] AndroidManifest.xml:12:5-83
62-->[:OUICore] AndroidManifest.xml:12:22-80
63    <uses-permission android:name="android.permission.ACCESS_NETWORK_STATE" />
63-->[:OUICore] AndroidManifest.xml:14:5-79
63-->[:OUICore] AndroidManifest.xml:14:22-76
64    <uses-permission android:name="android.permission.DISABLE_KEYGUARD" />
64-->[:OUICore] AndroidManifest.xml:15:5-75
64-->[:OUICore] AndroidManifest.xml:15:22-72
65    <uses-permission android:name="android.permission.READ_EXTERNAL_STORAGE" />
65-->[:OUICore] AndroidManifest.xml:17:5-80
65-->[:OUICore] AndroidManifest.xml:17:22-77
66    <uses-permission android:name="android.permission.WRITE_EXTERNAL_STORAGE" />
66-->[:OUICore] AndroidManifest.xml:18:5-81
66-->[:OUICore] AndroidManifest.xml:18:22-78
67    <uses-permission android:name="android.permission.MANAGE_EXTERNAL_STORAGE" />
67-->[:OUICore] AndroidManifest.xml:19:5-82
67-->[:OUICore] AndroidManifest.xml:19:22-79
68
69    <permission-group android:name="io.openim.android.demo.andpermission" /> <!-- 播音 -->
69-->[:OUICore] AndroidManifest.xml:21:5-71
69-->[:OUICore] AndroidManifest.xml:21:23-68
70    <uses-permission android:name="android.permission.WAKE_LOCK" /> <!-- Always include this permission -->
70-->[:OUICore] AndroidManifest.xml:23:5-68
70-->[:OUICore] AndroidManifest.xml:23:22-65
71    <uses-permission android:name="android.permission.ACCESS_COARSE_LOCATION" /> <!-- Include only if your app benefits from precise location access. -->
71-->[:OUICore] AndroidManifest.xml:24:5-81
71-->[:OUICore] AndroidManifest.xml:24:22-78
72    <uses-permission android:name="android.permission.ACCESS_FINE_LOCATION" />
72-->[:OUICore] AndroidManifest.xml:25:5-79
72-->[:OUICore] AndroidManifest.xml:25:22-76
73    <uses-permission android:name="android.permission.SYSTEM_ALERT_WINDOW" />
73-->[:OUICore] AndroidManifest.xml:26:5-78
73-->[:OUICore] AndroidManifest.xml:26:22-75
74    <uses-permission android:name="android.permission.MODIFY_AUDIO_SETTINGS" />
74-->[:OUICore] AndroidManifest.xml:27:5-80
74-->[:OUICore] AndroidManifest.xml:27:22-77
75    <uses-permission android:name="android.permission.VIBRATE" />
75-->[:OUICore] AndroidManifest.xml:28:5-66
75-->[:OUICore] AndroidManifest.xml:28:22-63
76    <uses-permission android:name="android.permission.DOWNLOAD_WITHOUT_NOTIFICATION" />
76-->[com.github.MZCretin:AutoUpdateProject:2.0.5] AndroidManifest.xml:13:5-88
76-->[com.github.MZCretin:AutoUpdateProject:2.0.5] AndroidManifest.xml:13:22-85
77    <uses-permission android:name="android.permission.KILL_BACKGROUND_PROCESSES" />
77-->[com.github.MZCretin:AutoUpdateProject:2.0.5] AndroidManifest.xml:15:5-84
77-->[com.github.MZCretin:AutoUpdateProject:2.0.5] AndroidManifest.xml:15:22-81
78    <uses-permission android:name="android.permission.RESTART_PACKAGES" />
78-->[com.github.MZCretin:AutoUpdateProject:2.0.5] AndroidManifest.xml:16:5-75
78-->[com.github.MZCretin:AutoUpdateProject:2.0.5] AndroidManifest.xml:16:22-72
79    <uses-permission android:name="android.permission.ACCESS_WIFI_STATE" />
79-->[com.getui:gtsdk:3.2.13.0] AndroidManifest.xml:16:5-76
79-->[com.getui:gtsdk:3.2.13.0] AndroidManifest.xml:16:22-73
80    <uses-permission android:name="android.permission.GET_TASKS" /> <!-- oppo android12  需要 alarm权限 -->
80-->[com.getui:gtsdk:3.2.13.0] AndroidManifest.xml:18:5-68
80-->[com.getui:gtsdk:3.2.13.0] AndroidManifest.xml:18:22-65
81    <uses-permission android:name="android.permission.SCHEDULE_EXACT_ALARM" />
81-->[com.getui:gtsdk:3.2.13.0] AndroidManifest.xml:20:5-79
81-->[com.getui:gtsdk:3.2.13.0] AndroidManifest.xml:20:22-76
82    <uses-permission android:name="getui.permission.GetuiService.io.openim.android.demo" /> <!-- vivo角标 -->
82-->[com.getui:gtsdk:3.2.13.0] AndroidManifest.xml:21:5-86
82-->[com.getui:gtsdk:3.2.13.0] AndroidManifest.xml:21:22-83
83    <uses-permission android:name="com.vivo.notification.permission.BADGE_ICON" />
83-->[com.getui:gtsdk:3.2.13.0] AndroidManifest.xml:23:5-83
83-->[com.getui:gtsdk:3.2.13.0] AndroidManifest.xml:23:22-80
84
85    <permission
85-->[com.getui:gtsdk:3.2.13.0] AndroidManifest.xml:25:5-27:47
86        android:name="getui.permission.GetuiService.io.openim.android.demo"
86-->[com.getui:gtsdk:3.2.13.0] AndroidManifest.xml:26:9-70
87        android:protectionLevel="signature" />
87-->[com.getui:gtsdk:3.2.13.0] AndroidManifest.xml:27:9-44
88
89    <uses-permission android:name="android.permission.QUERY_ALL_PACKAGES" />
89-->[com.getui:gtsdk:3.2.13.0] AndroidManifest.xml:29:5-77
89-->[com.getui:gtsdk:3.2.13.0] AndroidManifest.xml:29:22-74
90    <uses-permission android:name="android.permission.ACCESS_BACKGROUND_LOCATION" />
90-->[com.getui:gtsdk:3.2.13.0] AndroidManifest.xml:32:5-85
90-->[com.getui:gtsdk:3.2.13.0] AndroidManifest.xml:32:22-82
91
92    <permission
92-->[com.getui.opt:xmp:3.3.0] AndroidManifest.xml:16:5-18:47
93        android:name="io.openim.android.demo.permission.MIPUSH_RECEIVE"
93-->[com.getui.opt:xmp:3.3.0] AndroidManifest.xml:17:9-66
94        android:protectionLevel="signature" />
94-->[com.getui.opt:xmp:3.3.0] AndroidManifest.xml:18:9-44
95
96    <uses-permission android:name="io.openim.android.demo.permission.MIPUSH_RECEIVE" />
96-->[com.getui.opt:xmp:3.3.0] AndroidManifest.xml:20:5-82
96-->[com.getui.opt:xmp:3.3.0] AndroidManifest.xml:20:22-79
97    <uses-permission android:name="com.coloros.mcs.permission.RECIEVE_MCS_MESSAGE" />
97-->[com.assist-v3:oppo:3.2.0] AndroidManifest.xml:11:5-86
97-->[com.assist-v3:oppo:3.2.0] AndroidManifest.xml:11:22-83
98    <uses-permission android:name="com.heytap.mcs.permission.RECIEVE_MCS_MESSAGE" /> <!-- 魅族 -->
98-->[com.assist-v3:oppo:3.2.0] AndroidManifest.xml:12:5-85
98-->[com.assist-v3:oppo:3.2.0] AndroidManifest.xml:12:22-82
99    <uses-permission android:name="com.meizu.flyme.push.permission.RECEIVE" />
99-->[com.getui.opt:mzp:3.2.2] AndroidManifest.xml:12:5-79
99-->[com.getui.opt:mzp:3.2.2] AndroidManifest.xml:12:22-76
100    <uses-permission android:name="com.meizu.c2dm.permission.RECEIVE" />
100-->[com.getui.opt:mzp:3.2.2] AndroidManifest.xml:13:5-73
100-->[com.getui.opt:mzp:3.2.2] AndroidManifest.xml:13:22-70
101    <uses-permission android:name="io.openim.android.demo.push.permission.MESSAGE" />
101-->[com.getui.opt:mzp:3.2.2] AndroidManifest.xml:14:5-80
101-->[com.getui.opt:mzp:3.2.2] AndroidManifest.xml:14:22-77
102    <uses-permission android:name="io.openim.android.demo.permission.C2D_MESSAGE" />
102-->[com.getui.opt:mzp:3.2.2] AndroidManifest.xml:15:5-79
102-->[com.getui.opt:mzp:3.2.2] AndroidManifest.xml:15:22-76
103
104    <permission
104-->[com.getui.opt:mzp:3.2.2] AndroidManifest.xml:17:5-19:47
105        android:name="io.openim.android.demo.push.permission.MESSAGE"
105-->[com.getui.opt:mzp:3.2.2] AndroidManifest.xml:18:9-64
106        android:protectionLevel="signature" />
106-->[com.getui.opt:mzp:3.2.2] AndroidManifest.xml:19:9-44
107    <permission
107-->[com.getui.opt:mzp:3.2.2] AndroidManifest.xml:20:5-22:47
108        android:name="io.openim.android.demo.permission.C2D_MESSAGE"
108-->[com.getui.opt:mzp:3.2.2] AndroidManifest.xml:21:9-63
109        android:protectionLevel="signature" />
109-->[com.getui.opt:mzp:3.2.2] AndroidManifest.xml:22:9-44
110    <permission
110-->[com.getui.opt:honor:3.2.0] AndroidManifest.xml:11:5-13:55
111        android:name="io.openim.android.demo.hihonor.permission.PROCESS_PUSH_MSG"
111-->[com.getui.opt:honor:3.2.0] AndroidManifest.xml:12:9-76
112        android:protectionLevel="signatureOrSystem" />
112-->[com.getui.opt:honor:3.2.0] AndroidManifest.xml:13:9-52
113
114    <uses-permission android:name="com.hihonor.push.permission.READ_PUSH_NOTIFICATION_INFO" />
114-->[com.getui.opt:honor:3.2.0] AndroidManifest.xml:15:5-95
114-->[com.getui.opt:honor:3.2.0] AndroidManifest.xml:15:22-92
115
116    <permission
116-->[com.huawei.hms:push:6.7.0.300] AndroidManifest.xml:9:5-11:47
117        android:name="io.openim.android.demo.permission.PROCESS_PUSH_MSG"
117-->[com.huawei.hms:push:6.7.0.300] AndroidManifest.xml:10:9-68
118        android:protectionLevel="signature" /> <!-- PUSH_PROVIDER and PUSH_WRITE_PROVIDER are both provider registered permissions for the notification switch. -->
118-->[com.huawei.hms:push:6.7.0.300] AndroidManifest.xml:11:9-44
119    <!-- The SDK's notification bar switch, EMUI 9.x becomes write to the local sp, sharing the file through the provider to the push-rom, which reads the sp file to get the status of the notification bar switch. -->
120    <permission
120-->[com.huawei.hms:push:6.7.0.300] AndroidManifest.xml:14:5-16:47
121        android:name="io.openim.android.demo.permission.PUSH_PROVIDER"
121-->[com.huawei.hms:push:6.7.0.300] AndroidManifest.xml:15:9-65
122        android:protectionLevel="signature" />
122-->[com.huawei.hms:push:6.7.0.300] AndroidManifest.xml:16:9-44
123    <permission
123-->[com.huawei.hms:push:6.7.0.300] AndroidManifest.xml:17:5-19:47
124        android:name="io.openim.android.demo.permission.PUSH_WRITE_PROVIDER"
124-->[com.huawei.hms:push:6.7.0.300] AndroidManifest.xml:18:9-71
125        android:protectionLevel="signature" />
125-->[com.huawei.hms:push:6.7.0.300] AndroidManifest.xml:19:9-44
126
127    <uses-permission android:name="io.openim.android.demo.permission.PROCESS_PUSH_MSG" />
127-->[com.huawei.hms:push:6.7.0.300] AndroidManifest.xml:21:5-84
127-->[com.huawei.hms:push:6.7.0.300] AndroidManifest.xml:21:22-81
128    <uses-permission android:name="io.openim.android.demo.permission.PUSH_PROVIDER" />
128-->[com.huawei.hms:push:6.7.0.300] AndroidManifest.xml:22:5-81
128-->[com.huawei.hms:push:6.7.0.300] AndroidManifest.xml:22:22-78
129    <uses-permission android:name="android.permission.CHANGE_NETWORK_STATE" />
129-->[io.openim:android-sdk:3.5.1-beta1] AndroidManifest.xml:10:5-79
129-->[io.openim:android-sdk:3.5.1-beta1] AndroidManifest.xml:10:22-76
130
131    <permission
131-->[androidx.core:core:1.10.1] AndroidManifest.xml:22:5-24:47
132        android:name="io.openim.android.demo.DYNAMIC_RECEIVER_NOT_EXPORTED_PERMISSION"
132-->[androidx.core:core:1.10.1] AndroidManifest.xml:23:9-81
133        android:protectionLevel="signature" />
133-->[androidx.core:core:1.10.1] AndroidManifest.xml:24:9-44
134
135    <uses-permission android:name="io.openim.android.demo.DYNAMIC_RECEIVER_NOT_EXPORTED_PERMISSION" />
135-->[androidx.core:core:1.10.1] AndroidManifest.xml:26:5-97
135-->[androidx.core:core:1.10.1] AndroidManifest.xml:26:22-94
136    <uses-permission android:name="com.meizu.flyme.permission.PUSH" /> <!-- 获取来电号码权限 -->
136-->[com.meizu.flyme.internet:push-internal:4.1.4] AndroidManifest.xml:15:5-71
136-->[com.meizu.flyme.internet:push-internal:4.1.4] AndroidManifest.xml:15:22-68
137    <application
137-->src\main\AndroidManifest.xml:35:5-159:19
138        android:name="io.openim.android.demo.DemoApplication"
138-->src\main\AndroidManifest.xml:36:9-40
139        android:allowBackup="true"
139-->src\main\AndroidManifest.xml:37:9-35
140        android:appComponentFactory="androidx.core.app.CoreComponentFactory"
140-->[androidx.core:core:1.10.1] AndroidManifest.xml:28:18-86
141        android:icon="@mipmap/ic_launcher"
141-->src\main\AndroidManifest.xml:38:9-43
142        android:label="@string/app_name"
142-->src\main\AndroidManifest.xml:39:9-41
143        android:localeConfig="@xml/locales_config"
143-->src\main\AndroidManifest.xml:40:9-51
144        android:networkSecurityConfig="@xml/network_security_config"
144-->src\main\AndroidManifest.xml:41:9-69
145        android:requestLegacyExternalStorage="true"
145-->src\main\AndroidManifest.xml:42:9-52
146        android:roundIcon="@mipmap/ic_launcher_round"
146-->src\main\AndroidManifest.xml:43:9-54
147        android:supportsRtl="true"
147-->src\main\AndroidManifest.xml:44:9-35
148        android:theme="@style/Theme.Main"
148-->src\main\AndroidManifest.xml:45:9-42
149        android:usesCleartextTraffic="true" >
149-->src\main\AndroidManifest.xml:46:9-44
150        <service
150-->src\main\AndroidManifest.xml:48:9-51:47
151            android:name="io.openim.android.demo.PhoneStateService"
151-->src\main\AndroidManifest.xml:49:13-46
152            android:enabled="true"
152-->src\main\AndroidManifest.xml:50:13-35
153            android:exported="true" />
153-->src\main\AndroidManifest.xml:51:13-36
154        <service
154-->src\main\AndroidManifest.xml:53:9-56:47
155            android:name="io.openim.android.demo.SMSService"
155-->src\main\AndroidManifest.xml:54:13-39
156            android:enabled="true"
156-->src\main\AndroidManifest.xml:55:13-35
157            android:exported="true" />
157-->src\main\AndroidManifest.xml:56:13-36
158
159        <activity
159-->src\main\AndroidManifest.xml:58:9-60:40
160            android:name="io.openim.android.demo.ui.user.ChangePasswordActivity"
160-->src\main\AndroidManifest.xml:59:13-59
161            android:exported="false" />
161-->src\main\AndroidManifest.xml:60:13-37
162        <activity
162-->src\main\AndroidManifest.xml:61:9-63:40
163            android:name="io.openim.android.demo.ui.user.LanguageSettingActivity"
163-->src\main\AndroidManifest.xml:62:13-60
164            android:exported="false" />
164-->src\main\AndroidManifest.xml:63:13-37
165        <activity
165-->src\main\AndroidManifest.xml:64:9-70:20
166            android:name="io.openim.android.demo.ui.login.ResetPasswordActivity"
166-->src\main\AndroidManifest.xml:65:13-59
167            android:exported="false" >
167-->src\main\AndroidManifest.xml:66:13-37
168            <meta-data
168-->src\main\AndroidManifest.xml:67:13-69:36
169                android:name="android.app.lib_name"
169-->src\main\AndroidManifest.xml:68:17-52
170                android:value="" />
170-->src\main\AndroidManifest.xml:69:17-33
171        </activity>
172        <activity
172-->src\main\AndroidManifest.xml:71:9-77:20
173            android:name="io.openim.android.demo.ui.user.BlackListActivity"
173-->src\main\AndroidManifest.xml:72:13-54
174            android:exported="false" >
174-->src\main\AndroidManifest.xml:73:13-37
175            <meta-data
175-->src\main\AndroidManifest.xml:67:13-69:36
176                android:name="android.app.lib_name"
176-->src\main\AndroidManifest.xml:68:17-52
177                android:value="" />
177-->src\main\AndroidManifest.xml:69:17-33
178        </activity>
179        <activity
179-->src\main\AndroidManifest.xml:78:9-80:40
180            android:name="io.openim.android.demo.ui.user.AccountSettingActivity"
180-->src\main\AndroidManifest.xml:79:13-59
181            android:exported="false" />
181-->src\main\AndroidManifest.xml:80:13-37
182
183        <service
183-->src\main\AndroidManifest.xml:82:9-86:46
184            android:name="io.openim.android.demo.services.GetuiPushService"
184-->src\main\AndroidManifest.xml:83:13-54
185            android:exported="false"
185-->src\main\AndroidManifest.xml:84:13-37
186            android:label="PushService"
186-->src\main\AndroidManifest.xml:85:13-40
187            android:process=":pushservice" />
187-->src\main\AndroidManifest.xml:86:13-43
188
189        <activity
189-->src\main\AndroidManifest.xml:88:9-90:40
190            android:name="io.openim.android.demo.ui.ServerConfigActivity"
190-->src\main\AndroidManifest.xml:89:13-52
191            android:exported="false" />
191-->src\main\AndroidManifest.xml:90:13-37
192        <activity
192-->src\main\AndroidManifest.xml:91:9-93:40
193            android:name="io.openim.android.demo.ui.user.AboutUsActivity"
193-->src\main\AndroidManifest.xml:92:13-52
194            android:exported="false" />
194-->src\main\AndroidManifest.xml:93:13-37
195        <activity
195-->src\main\AndroidManifest.xml:94:9-96:40
196            android:name="io.openim.android.demo.ui.main.CallHistoryActivity"
196-->src\main\AndroidManifest.xml:95:13-56
197            android:exported="false" />
197-->src\main\AndroidManifest.xml:96:13-37
198        <activity
198-->src\main\AndroidManifest.xml:97:9-99:40
199            android:name="io.openim.android.demo.ui.user.MoreDataActivity"
199-->src\main\AndroidManifest.xml:98:13-53
200            android:exported="false" />
200-->src\main\AndroidManifest.xml:99:13-37
201        <activity
201-->src\main\AndroidManifest.xml:100:9-102:40
202            android:name="io.openim.android.demo.ui.user.PersonDataActivity"
202-->src\main\AndroidManifest.xml:101:13-55
203            android:exported="false" />
203-->src\main\AndroidManifest.xml:102:13-37
204        <activity
204-->src\main\AndroidManifest.xml:103:9-105:40
205            android:name="io.openim.android.demo.ui.main.EditTextActivity"
205-->src\main\AndroidManifest.xml:104:13-53
206            android:exported="false" />
206-->src\main\AndroidManifest.xml:105:13-37
207        <activity
207-->src\main\AndroidManifest.xml:106:9-108:40
208            android:name="io.openim.android.demo.ui.user.PersonalInfoActivity"
208-->src\main\AndroidManifest.xml:107:13-57
209            android:exported="false" />
209-->src\main\AndroidManifest.xml:108:13-37
210        <activity
210-->src\main\AndroidManifest.xml:109:9-111:40
211            android:name="io.openim.android.demo.ui.login.SupplementInfoActivity"
211-->src\main\AndroidManifest.xml:110:13-60
212            android:exported="false" />
212-->src\main\AndroidManifest.xml:111:13-37
213        <activity
213-->src\main\AndroidManifest.xml:112:9-114:40
214            android:name="io.openim.android.demo.ui.login.VerificationCodeActivity"
214-->src\main\AndroidManifest.xml:113:13-62
215            android:exported="false" />
215-->src\main\AndroidManifest.xml:114:13-37
216        <activity
216-->src\main\AndroidManifest.xml:115:9-117:40
217            android:name="io.openim.android.demo.ui.search.SendVerifyActivity"
217-->src\main\AndroidManifest.xml:116:13-57
218            android:exported="false" />
218-->src\main\AndroidManifest.xml:117:13-37
219        <activity
219-->src\main\AndroidManifest.xml:118:9-120:40
220            android:name="io.openim.android.demo.ui.search.PersonDetailActivity"
220-->src\main\AndroidManifest.xml:119:13-59
221            android:exported="false" />
221-->src\main\AndroidManifest.xml:120:13-37
222        <activity
222-->src\main\AndroidManifest.xml:121:9-123:40
223            android:name="io.openim.android.demo.ui.search.SearchContactActivity"
223-->src\main\AndroidManifest.xml:122:13-60
224            android:exported="false" />
224-->src\main\AndroidManifest.xml:123:13-37
225        <activity
225-->src\main\AndroidManifest.xml:124:9-126:40
226            android:name="io.openim.android.demo.ui.search.AddConversActivity"
226-->src\main\AndroidManifest.xml:125:13-57
227            android:exported="false" />
227-->src\main\AndroidManifest.xml:126:13-37
228        <activity
228-->src\main\AndroidManifest.xml:127:9-129:40
229            android:name="io.openim.android.demo.ui.login.RegisterActivity"
229-->src\main\AndroidManifest.xml:128:13-54
230            android:exported="false" />
230-->src\main\AndroidManifest.xml:129:13-37
231        <activity
231-->src\main\AndroidManifest.xml:130:9-133:47
232            android:name="io.openim.android.demo.ui.login.LoginActivity"
232-->src\main\AndroidManifest.xml:131:13-51
233            android:exported="false"
233-->src\main\AndroidManifest.xml:132:13-37
234            android:launchMode="singleTask" />
234-->src\main\AndroidManifest.xml:133:13-44
235        <activity
235-->src\main\AndroidManifest.xml:134:9-143:20
236            android:name="io.openim.android.demo.SplashActivity"
236-->src\main\AndroidManifest.xml:135:13-43
237            android:exported="true"
237-->src\main\AndroidManifest.xml:136:13-36
238            android:theme="@style/SplashTheme" >
238-->src\main\AndroidManifest.xml:137:13-47
239            <intent-filter>
239-->src\main\AndroidManifest.xml:138:13-142:29
240                <action android:name="android.intent.action.MAIN" />
240-->src\main\AndroidManifest.xml:139:17-69
240-->src\main\AndroidManifest.xml:139:25-66
241
242                <category android:name="android.intent.category.LAUNCHER" />
242-->src\main\AndroidManifest.xml:141:17-77
242-->src\main\AndroidManifest.xml:141:27-74
243            </intent-filter>
244        </activity>
245        <activity
245-->src\main\AndroidManifest.xml:144:9-148:58
246            android:name="io.openim.android.demo.ui.main.MainActivity"
246-->src\main\AndroidManifest.xml:145:13-49
247            android:launchMode="singleTask"
247-->src\main\AndroidManifest.xml:146:13-44
248            android:theme="@style/NotAnimation"
248-->src\main\AndroidManifest.xml:147:13-48
249            android:windowSoftInputMode="adjustResize" />
249-->src\main\AndroidManifest.xml:148:13-55
250
251        <provider
252            android:name="androidx.core.content.FileProvider"
252-->src\main\AndroidManifest.xml:151:13-62
253            android:authorities="io.openim.android.demo.fileProvider"
253-->src\main\AndroidManifest.xml:152:13-64
254            android:exported="false"
254-->src\main\AndroidManifest.xml:153:13-37
255            android:grantUriPermissions="true" >
255-->src\main\AndroidManifest.xml:154:13-47
256            <meta-data
256-->src\main\AndroidManifest.xml:155:13-157:54
257                android:name="android.support.FILE_PROVIDER_PATHS"
257-->src\main\AndroidManifest.xml:156:17-67
258                android:resource="@xml/file_paths" />
258-->src\main\AndroidManifest.xml:157:17-51
259        </provider>
260
261        <activity
261-->[:OUIConversation] AndroidManifest.xml:18:9-20:40
262            android:name="io.openim.android.ouiconversation.ui.ChatHistoryRelationActivity"
262-->[:OUIConversation] AndroidManifest.xml:19:13-92
263            android:exported="false" />
263-->[:OUIConversation] AndroidManifest.xml:20:13-37
264        <activity
264-->[:OUIConversation] AndroidManifest.xml:21:9-23:40
265            android:name="io.openim.android.ouiconversation.ui.NotificationActivity"
265-->[:OUIConversation] AndroidManifest.xml:22:13-85
266            android:exported="false" />
266-->[:OUIConversation] AndroidManifest.xml:23:13-37
267        <activity
267-->[:OUIConversation] AndroidManifest.xml:24:9-26:40
268            android:name="io.openim.android.ouiconversation.ui.ChatHistoryDetailsActivity"
268-->[:OUIConversation] AndroidManifest.xml:25:13-91
269            android:exported="false" />
269-->[:OUIConversation] AndroidManifest.xml:26:13-37
270        <activity
270-->[:OUIConversation] AndroidManifest.xml:27:9-29:40
271            android:name="io.openim.android.ouiconversation.ui.MsgReadStatusActivity"
271-->[:OUIConversation] AndroidManifest.xml:28:13-86
272            android:exported="false" />
272-->[:OUIConversation] AndroidManifest.xml:29:13-37
273        <activity
273-->[:OUIConversation] AndroidManifest.xml:30:9-32:40
274            android:name="io.openim.android.ouiconversation.ui.SearchActivity"
274-->[:OUIConversation] AndroidManifest.xml:31:13-79
275            android:exported="false" />
275-->[:OUIConversation] AndroidManifest.xml:32:13-37
276        <activity
276-->[:OUIConversation] AndroidManifest.xml:33:9-35:40
277            android:name="io.openim.android.ouiconversation.ui.FileHistoryActivity"
277-->[:OUIConversation] AndroidManifest.xml:34:13-84
278            android:exported="false" />
278-->[:OUIConversation] AndroidManifest.xml:35:13-37
279        <activity
279-->[:OUIConversation] AndroidManifest.xml:36:9-38:40
280            android:name="io.openim.android.ouiconversation.ui.MediaHistoryActivity"
280-->[:OUIConversation] AndroidManifest.xml:37:13-85